<?xml version="1.0" encoding="UTF-8"?>
<testng-results skipped="0" failed="0" ignored="0" total="1" passed="1">
  <reporter-output>
  </reporter-output>
  <suite name="Default suite" duration-ms="42850" started-at="2020-11-29T21:57:11 CET" finished-at="2020-11-29T21:57:54 CET">
    <groups>
    </groups>
    <test name="Default test" duration-ms="42850" started-at="2020-11-29T21:57:11 CET" finished-at="2020-11-29T21:57:54 CET">
      <class name="tests.LoginTest">
        <test-method status="PASS" signature="beforeClass()[pri:0, instance:tests.LoginTest@9660f4e]" name="beforeClass" is-config="true" duration-ms="8126" started-at="2020-11-29T21:57:11 CET" finished-at="2020-11-29T21:57:19 CET">
          <reporter-output>
          </reporter-output>
        </test-method> <!-- beforeClass -->
        <test-method status="PASS" signature="loginTest()[pri:10, instance:tests.LoginTest@9660f4e]" name="loginTest" duration-ms="18344" started-at="2020-11-29T21:57:19 CET" description="Login" finished-at="2020-11-29T21:57:37 CET">
          <reporter-output>
          </reporter-output>
        </test-method> <!-- loginTest -->
        <test-method status="PASS" signature="afterMethod(org.testng.ITestResult)[pri:0, instance:tests.LoginTest@9660f4e]" name="afterMethod" is-config="true" duration-ms="10689" started-at="2020-11-29T21:57:37 CET" finished-at="2020-11-29T21:57:48 CET">
          <params>
            <param index="0">
              <value>
                <![CDATA[[TestResult name=loginTest status=SUCCESS method=LoginTest.loginTest()[pri:10, instance:tests.LoginTest@9660f4e] output={null}]]]>
              </value>
            </param>
          </params>
          <reporter-output>
          </reporter-output>
        </test-method> <!-- afterMethod -->
        <test-method status="PASS" signature="afterClass()[pri:0, instance:tests.LoginTest@9660f4e]" name="afterClass" is-config="true" duration-ms="5592" started-at="2020-11-29T21:57:48 CET" finished-at="2020-11-29T21:57:54 CET">
          <reporter-output>
          </reporter-output>
        </test-method> <!-- afterClass -->
      </class> <!-- tests.LoginTest -->
    </test> <!-- Default test -->
  </suite> <!-- Default suite -->
</testng-results>
